c:\users\mitch\desktop\duelv1.2.8\project1\x64\debug\vc141.pdb
c:\users\mitch\desktop\duelv1.2.8\project1\x64\debug\vc141.idb
c:\users\mitch\desktop\duelv1.2.8\project1\x64\debug\animation.obj
c:\users\mitch\desktop\duelv1.2.8\project1\x64\debug\controller.obj
c:\users\mitch\desktop\duelv1.2.8\project1\x64\debug\game.obj
c:\users\mitch\desktop\duelv1.2.8\project1\x64\debug\gameobject.obj
c:\users\mitch\desktop\duelv1.2.8\project1\x64\debug\light.obj
c:\users\mitch\desktop\duelv1.2.8\project1\x64\debug\main.obj
c:\users\mitch\desktop\duelv1.2.8\project1\x64\debug\material.obj
c:\users\mitch\desktop\duelv1.2.8\project1\x64\debug\mesh.obj
c:\users\mitch\desktop\duelv1.2.8\project1\x64\debug\particleemitter.obj
c:\users\mitch\desktop\duelv1.2.8\project1\x64\debug\playerobject.obj
c:\users\mitch\desktop\duelv1.2.8\project1\x64\debug\shaderprogram.obj
c:\users\mitch\desktop\duelv1.2.8\project1\x64\debug\soundsystem.obj
c:\users\mitch\desktop\duelv1.2.8\project1\x64\debug\texture.obj
c:\users\mitch\desktop\duelv1.2.8\project1\x64\debug\timer.obj
c:\users\100619082\desktop\duelv1.2.9\duelv1.2.9\project1\x64\debug\animation.obj
c:\users\100619082\desktop\duelv1.2.9\duelv1.2.9\project1\x64\debug\controller.obj
c:\users\100619082\desktop\duelv1.2.9\duelv1.2.9\project1\x64\debug\game.obj
c:\users\100619082\desktop\duelv1.2.9\duelv1.2.9\project1\x64\debug\gameobject.obj
c:\users\100619082\desktop\duelv1.2.9\duelv1.2.9\project1\x64\debug\light.obj
c:\users\100619082\desktop\duelv1.2.9\duelv1.2.9\project1\x64\debug\main.obj
c:\users\100619082\desktop\duelv1.2.9\duelv1.2.9\project1\x64\debug\material.obj
c:\users\100619082\desktop\duelv1.2.9\duelv1.2.9\project1\x64\debug\mesh.obj
c:\users\100619082\desktop\duelv1.2.9\duelv1.2.9\project1\x64\debug\particleemitter.obj
c:\users\100619082\desktop\duelv1.2.9\duelv1.2.9\project1\x64\debug\playerobject.obj
c:\users\100619082\desktop\duelv1.2.9\duelv1.2.9\project1\x64\debug\shaderprogram.obj
c:\users\100619082\desktop\duelv1.2.9\duelv1.2.9\project1\x64\debug\soundsystem.obj
c:\users\100619082\desktop\duelv1.2.9\duelv1.2.9\project1\x64\debug\texture.obj
c:\users\100619082\desktop\duelv1.2.9\duelv1.2.9\project1\x64\debug\timer.obj
c:\users\100619082\desktop\duelv1.2.9\duelv1.2.9\project1\x64\debug\vc141.idb
c:\users\100619082\desktop\duelv1.2.9\duelv1.2.9\project1\x64\debug\vc141.pdb
c:\users\100619082\desktop\duelv1.2.9\duelv1.2.9\x64\debug\game_project.pdb
c:\users\100619082\desktop\duelv1.2.9\duelv1.2.9\project1\x64\debug\game_project.tlog\cl.command.1.tlog
c:\users\100619082\desktop\duelv1.2.9\duelv1.2.9\project1\x64\debug\game_project.tlog\cl.read.1.tlog
c:\users\100619082\desktop\duelv1.2.9\duelv1.2.9\project1\x64\debug\game_project.tlog\cl.write.1.tlog
c:\users\100619082\desktop\duelv1.2.9\duelv1.2.9\project1\x64\debug\game_project.tlog\link-cvtres.read.1.tlog
c:\users\100619082\desktop\duelv1.2.9\duelv1.2.9\project1\x64\debug\game_project.tlog\link-cvtres.write.1.tlog
c:\users\100619082\desktop\duelv1.2.9\duelv1.2.9\project1\x64\debug\game_project.tlog\link-rc.read.1.tlog
c:\users\100619082\desktop\duelv1.2.9\duelv1.2.9\project1\x64\debug\game_project.tlog\link-rc.write.1.tlog
c:\users\100619082\desktop\duelv1.2.9\duelv1.2.9\project1\x64\debug\game_project.tlog\link.command.1.tlog
c:\users\100619082\desktop\duelv1.2.9\duelv1.2.9\project1\x64\debug\game_project.tlog\link.read.1.tlog
c:\users\100619082\desktop\duelv1.2.9\duelv1.2.9\project1\x64\debug\game_project.tlog\link.write.1.tlog
