c:\users\natha\documents\github\duel\project1\release\vc142.pdb
c:\users\natha\documents\github\duel\project1\release\timer.obj
c:\users\natha\documents\github\duel\project1\release\texture.obj
c:\users\natha\documents\github\duel\project1\release\soundengine.obj
c:\users\natha\documents\github\duel\project1\release\skinnedgameobject.obj
c:\users\natha\documents\github\duel\project1\release\shaderprogram.obj
c:\users\natha\documents\github\duel\project1\release\playerobject.obj
c:\users\natha\documents\github\duel\project1\release\particleemitter.obj
c:\users\natha\documents\github\duel\project1\release\mesh.obj
c:\users\natha\documents\github\duel\project1\release\material.obj
c:\users\natha\documents\github\duel\project1\release\main.obj
c:\users\natha\documents\github\duel\project1\release\light.obj
c:\users\natha\documents\github\duel\project1\release\tinyxml2.obj
c:\users\natha\documents\github\duel\project1\release\htrloader.obj
c:\users\natha\documents\github\duel\project1\release\gameobject.obj
c:\users\natha\documents\github\duel\project1\release\game.obj
c:\users\natha\documents\github\duel\project1\release\framebufferobject.obj
c:\users\natha\documents\github\duel\project1\release\controller.obj
c:\users\natha\documents\github\duel\project1\release\animation.obj
c:\users\100523109\downloads\duelv1.5.9\duelv1.5.9\release\game_project.ipdb
c:\users\100523109\downloads\duelv1.5.9\duelv1.5.9\release\game_project.iobj
c:\users\natha\documents\github\duel\release\game_project.ipdb
c:\users\natha\documents\github\duel\release\game_project.iobj
c:\users\100523109\downloads\duelv1.5.9\duelv1.5.9\release\game_project.exe
c:\users\100523109\downloads\duelv1.5.9\duelv1.5.9\release\game_project.pdb
c:\users\natha\documents\github\duel\release\game_project.exe
c:\users\natha\documents\github\duel\release\game_project.pdb
c:\users\natha\documents\github\duel\project1\release\soundsystem.obj
c:\users\natha\documents\github\duel\project1\release\vc141.pdb
c:\users\natha\documents\github\duel\project1\release\game_project.tlog\cl.command.1.tlog
c:\users\natha\documents\github\duel\project1\release\game_project.tlog\cl.read.1.tlog
c:\users\natha\documents\github\duel\project1\release\game_project.tlog\cl.write.1.tlog
c:\users\natha\documents\github\duel\project1\release\game_project.tlog\game_project.write.1u.tlog
c:\users\natha\documents\github\duel\project1\release\game_project.tlog\link.command.1.tlog
c:\users\natha\documents\github\duel\project1\release\game_project.tlog\link.delete.1.tlog
c:\users\natha\documents\github\duel\project1\release\game_project.tlog\link.read.1.tlog
c:\users\natha\documents\github\duel\project1\release\game_project.tlog\link.write.1.tlog
