  Game.cpp
C:\Users\Jon Ben\Desktop\Portfolio\Games\UOIT GDW Games\Y2_PrometheusStudio_Duel\Duel-master\Project1\Game.cpp(100,78): warning C4244: 'argument': conversion from 'float' to 'unsigned int', possible loss of data
C:\Users\Jon Ben\Desktop\Portfolio\Games\UOIT GDW Games\Y2_PrometheusStudio_Duel\Duel-master\Project1\Game.cpp(100,50): warning C4244: 'argument': conversion from 'float' to 'unsigned int', possible loss of data
C:\Users\Jon Ben\Desktop\Portfolio\Games\UOIT GDW Games\Y2_PrometheusStudio_Duel\Duel-master\Project1\Game.cpp(101,72): warning C4244: 'argument': conversion from 'float' to 'unsigned int', possible loss of data
C:\Users\Jon Ben\Desktop\Portfolio\Games\UOIT GDW Games\Y2_PrometheusStudio_Duel\Duel-master\Project1\Game.cpp(101,44): warning C4244: 'argument': conversion from 'float' to 'unsigned int', possible loss of data
C:\Users\Jon Ben\Desktop\Portfolio\Games\UOIT GDW Games\Y2_PrometheusStudio_Duel\Duel-master\Project1\Game.cpp(838,23): warning C4018: '<': signed/unsigned mismatch
C:\Users\Jon Ben\Desktop\Portfolio\Games\UOIT GDW Games\Y2_PrometheusStudio_Duel\Duel-master\Project1\Game.cpp(844,23): warning C4018: '<': signed/unsigned mismatch
C:\Users\Jon Ben\Desktop\Portfolio\Games\UOIT GDW Games\Y2_PrometheusStudio_Duel\Duel-master\Project1\Game.cpp(845,27): warning C4018: '<': signed/unsigned mismatch
C:\Users\Jon Ben\Desktop\Portfolio\Games\UOIT GDW Games\Y2_PrometheusStudio_Duel\Duel-master\Project1\Game.cpp(863,23): warning C4018: '<': signed/unsigned mismatch
C:\Users\Jon Ben\Desktop\Portfolio\Games\UOIT GDW Games\Y2_PrometheusStudio_Duel\Duel-master\Project1\Game.cpp(867,23): warning C4018: '<': signed/unsigned mismatch
C:\Users\Jon Ben\Desktop\Portfolio\Games\UOIT GDW Games\Y2_PrometheusStudio_Duel\Duel-master\Project1\Game.cpp(870,23): warning C4018: '<': signed/unsigned mismatch
C:\Users\Jon Ben\Desktop\Portfolio\Games\UOIT GDW Games\Y2_PrometheusStudio_Duel\Duel-master\Project1\Game.cpp(874,23): warning C4018: '<': signed/unsigned mismatch
C:\Users\Jon Ben\Desktop\Portfolio\Games\UOIT GDW Games\Y2_PrometheusStudio_Duel\Duel-master\Project1\Game.cpp(876,27): warning C4018: '<': signed/unsigned mismatch
C:\Users\Jon Ben\Desktop\Portfolio\Games\UOIT GDW Games\Y2_PrometheusStudio_Duel\Duel-master\Project1\Game.cpp(884,23): warning C4018: '<': signed/unsigned mismatch
C:\Users\Jon Ben\Desktop\Portfolio\Games\UOIT GDW Games\Y2_PrometheusStudio_Duel\Duel-master\Project1\Game.cpp(899,23): warning C4018: '<': signed/unsigned mismatch
C:\Users\Jon Ben\Desktop\Portfolio\Games\UOIT GDW Games\Y2_PrometheusStudio_Duel\Duel-master\Project1\Game.cpp(903,23): warning C4018: '<': signed/unsigned mismatch
C:\Users\Jon Ben\Desktop\Portfolio\Games\UOIT GDW Games\Y2_PrometheusStudio_Duel\Duel-master\Project1\Game.cpp(907,23): warning C4018: '<': signed/unsigned mismatch
C:\Users\Jon Ben\Desktop\Portfolio\Games\UOIT GDW Games\Y2_PrometheusStudio_Duel\Duel-master\Project1\Game.cpp(909,27): warning C4018: '<': signed/unsigned mismatch
C:\Users\Jon Ben\Desktop\Portfolio\Games\UOIT GDW Games\Y2_PrometheusStudio_Duel\Duel-master\Project1\Game.cpp(917,23): warning C4018: '<': signed/unsigned mismatch
C:\Users\Jon Ben\Desktop\Portfolio\Games\UOIT GDW Games\Y2_PrometheusStudio_Duel\Duel-master\Project1\Game.cpp(1101,50): warning C4244: '+=': conversion from 'double' to 'float', possible loss of data
C:\Users\Jon Ben\Desktop\Portfolio\Games\UOIT GDW Games\Y2_PrometheusStudio_Duel\Duel-master\Project1\Game.cpp(1119,61): warning C4018: '<=': signed/unsigned mismatch
C:\Users\Jon Ben\Desktop\Portfolio\Games\UOIT GDW Games\Y2_PrometheusStudio_Duel\Duel-master\Project1\Game.cpp(1132,61): warning C4018: '<=': signed/unsigned mismatch
C:\Users\Jon Ben\Desktop\Portfolio\Games\UOIT GDW Games\Y2_PrometheusStudio_Duel\Duel-master\Project1\Game.cpp(1200,35): warning C4018: '<': signed/unsigned mismatch
C:\Users\Jon Ben\Desktop\Portfolio\Games\UOIT GDW Games\Y2_PrometheusStudio_Duel\Duel-master\Project1\Game.cpp(1262,104): warning C4305: 'argument': truncation from 'double' to 'float'
C:\Users\Jon Ben\Desktop\Portfolio\Games\UOIT GDW Games\Y2_PrometheusStudio_Duel\Duel-master\Project1\Game.cpp(1289,99): warning C4305: 'argument': truncation from 'double' to 'float'
C:\Users\Jon Ben\Desktop\Portfolio\Games\UOIT GDW Games\Y2_PrometheusStudio_Duel\Duel-master\Project1\Game.cpp(1300,31): warning C4018: '<': signed/unsigned mismatch
C:\Users\Jon Ben\Desktop\Portfolio\Games\UOIT GDW Games\Y2_PrometheusStudio_Duel\Duel-master\Project1\Game.cpp(1322,22): warning C4018: '<': signed/unsigned mismatch
C:\Users\Jon Ben\Desktop\Portfolio\Games\UOIT GDW Games\Y2_PrometheusStudio_Duel\Duel-master\Project1\Game.cpp(1344,22): warning C4018: '<': signed/unsigned mismatch
C:\Users\Jon Ben\Desktop\Portfolio\Games\UOIT GDW Games\Y2_PrometheusStudio_Duel\Duel-master\Project1\Game.cpp(1362,22): warning C4018: '<': signed/unsigned mismatch
C:\Users\Jon Ben\Desktop\Portfolio\Games\UOIT GDW Games\Y2_PrometheusStudio_Duel\Duel-master\Project1\Game.cpp(1385,35): warning C4018: '<': signed/unsigned mismatch
C:\Users\Jon Ben\Desktop\Portfolio\Games\UOIT GDW Games\Y2_PrometheusStudio_Duel\Duel-master\Project1\Game.cpp(1444,31): warning C4018: '<': signed/unsigned mismatch
C:\Users\Jon Ben\Desktop\Portfolio\Games\UOIT GDW Games\Y2_PrometheusStudio_Duel\Duel-master\Project1\Game.cpp(1450,31): warning C4018: '<': signed/unsigned mismatch
C:\Users\Jon Ben\Desktop\Portfolio\Games\UOIT GDW Games\Y2_PrometheusStudio_Duel\Duel-master\Project1\Game.cpp(1485,27): warning C4018: '<': signed/unsigned mismatch
C:\Users\Jon Ben\Desktop\Portfolio\Games\UOIT GDW Games\Y2_PrometheusStudio_Duel\Duel-master\Project1\Game.cpp(1503,21): warning C4018: '<': signed/unsigned mismatch
C:\Users\Jon Ben\Desktop\Portfolio\Games\UOIT GDW Games\Y2_PrometheusStudio_Duel\Duel-master\Project1\Game.cpp(1508,27): warning C4018: '<': signed/unsigned mismatch
C:\Users\Jon Ben\Desktop\Portfolio\Games\UOIT GDW Games\Y2_PrometheusStudio_Duel\Duel-master\Project1\Game.cpp(1509,31): warning C4018: '<': signed/unsigned mismatch
C:\Users\Jon Ben\Desktop\Portfolio\Games\UOIT GDW Games\Y2_PrometheusStudio_Duel\Duel-master\Project1\Game.cpp(1516,27): warning C4018: '<': signed/unsigned mismatch
C:\Users\Jon Ben\Desktop\Portfolio\Games\UOIT GDW Games\Y2_PrometheusStudio_Duel\Duel-master\Project1\Game.cpp(1517,31): warning C4018: '<': signed/unsigned mismatch
C:\Users\Jon Ben\Desktop\Portfolio\Games\UOIT GDW Games\Y2_PrometheusStudio_Duel\Duel-master\Project1\Game.cpp(1524,27): warning C4018: '<': signed/unsigned mismatch
C:\Users\Jon Ben\Desktop\Portfolio\Games\UOIT GDW Games\Y2_PrometheusStudio_Duel\Duel-master\Project1\Game.cpp(1525,31): warning C4018: '<': signed/unsigned mismatch
C:\Users\Jon Ben\Desktop\Portfolio\Games\UOIT GDW Games\Y2_PrometheusStudio_Duel\Duel-master\Project1\Game.cpp(1569,27): warning C4018: '<': signed/unsigned mismatch
C:\Users\Jon Ben\Desktop\Portfolio\Games\UOIT GDW Games\Y2_PrometheusStudio_Duel\Duel-master\Project1\Game.cpp(1712,26): warning C4018: '<': signed/unsigned mismatch
C:\Users\Jon Ben\Desktop\Portfolio\Games\UOIT GDW Games\Y2_PrometheusStudio_Duel\Duel-master\Project1\Game.cpp(1727,26): warning C4018: '<': signed/unsigned mismatch
C:\Users\Jon Ben\Desktop\Portfolio\Games\UOIT GDW Games\Y2_PrometheusStudio_Duel\Duel-master\Project1\Game.cpp(1743,27): warning C4018: '<': signed/unsigned mismatch
C:\Users\Jon Ben\Desktop\Portfolio\Games\UOIT GDW Games\Y2_PrometheusStudio_Duel\Duel-master\Project1\Game.cpp(1800,31): warning C4018: '<': signed/unsigned mismatch
C:\Users\Jon Ben\Desktop\Portfolio\Games\UOIT GDW Games\Y2_PrometheusStudio_Duel\Duel-master\Project1\Game.cpp(1804,31): warning C4018: '<': signed/unsigned mismatch
  Main.cpp
  SoundEngine.cpp
C:\Users\Jon Ben\Desktop\Portfolio\Games\UOIT GDW Games\Y2_PrometheusStudio_Duel\Duel-master\Project1\Game.cpp(1812,30): warning C4305: '-=': truncation from 'double' to 'float'
C:\Users\Jon Ben\Desktop\Portfolio\Games\UOIT GDW Games\Y2_PrometheusStudio_Duel\Duel-master\Project1\SoundEngine.cpp(31,23): warning C4018: '<': signed/unsigned mismatch
C:\Users\Jon Ben\Desktop\Portfolio\Games\UOIT GDW Games\Y2_PrometheusStudio_Duel\Duel-master\Project1\SoundEngine.cpp(36,23): warning C4018: '<': signed/unsigned mismatch
C:\Users\Jon Ben\Desktop\Portfolio\Games\UOIT GDW Games\Y2_PrometheusStudio_Duel\Duel-master\Project1\SoundEngine.cpp(41,23): warning C4018: '<': signed/unsigned mismatch
C:\Users\Jon Ben\Desktop\Portfolio\Games\UOIT GDW Games\Y2_PrometheusStudio_Duel\Duel-master\Project1\SoundEngine.cpp(194,77): warning C4244: 'argument': conversion from 'float' to 'unsigned __int64', possible loss of data
C:\Users\Jon Ben\Desktop\Portfolio\Games\UOIT GDW Games\Y2_PrometheusStudio_Duel\Duel-master\Project1\SoundEngine.cpp(199,75): warning C4244: 'argument': conversion from 'float' to 'unsigned __int64', possible loss of data
C:\Users\Jon Ben\Desktop\Portfolio\Games\UOIT GDW Games\Y2_PrometheusStudio_Duel\Duel-master\Project1\SoundEngine.cpp(204,76): warning C4244: 'argument': conversion from 'float' to 'unsigned __int64', possible loss of data
C:\Users\Jon Ben\Desktop\Portfolio\Games\UOIT GDW Games\Y2_PrometheusStudio_Duel\Duel-master\Project1\SoundEngine.cpp(213,77): warning C4244: 'argument': conversion from 'float' to 'unsigned __int64', possible loss of data
C:\Users\Jon Ben\Desktop\Portfolio\Games\UOIT GDW Games\Y2_PrometheusStudio_Duel\Duel-master\Project1\SoundEngine.cpp(218,75): warning C4244: 'argument': conversion from 'float' to 'unsigned __int64', possible loss of data
C:\Users\Jon Ben\Desktop\Portfolio\Games\UOIT GDW Games\Y2_PrometheusStudio_Duel\Duel-master\Project1\SoundEngine.cpp(223,76): warning C4244: 'argument': conversion from 'float' to 'unsigned __int64', possible loss of data
C:\Users\Jon Ben\Desktop\Portfolio\Games\UOIT GDW Games\Y2_PrometheusStudio_Duel\Duel-master\Project1\SoundEngine.cpp(247,27): warning C4018: '<': signed/unsigned mismatch
C:\Users\Jon Ben\Desktop\Portfolio\Games\UOIT GDW Games\Y2_PrometheusStudio_Duel\Duel-master\Project1\SoundEngine.cpp(257,27): warning C4018: '<': signed/unsigned mismatch
C:\Users\Jon Ben\Desktop\Portfolio\Games\UOIT GDW Games\Y2_PrometheusStudio_Duel\Duel-master\Project1\SoundEngine.cpp(266,27): warning C4018: '<': signed/unsigned mismatch
LINK : warning LNK4098: defaultlib 'MSVCRTD' conflicts with use of other libs; use /NODEFAULTLIB:library
  Generating code
  0 of 1621 functions ( 0.0%) were compiled, the rest were copied from previous compilation.
    0 functions were new in current compilation
    0 functions had inline decision re-evaluated but remain unchanged
  Finished generating code
  Project1.vcxproj -> C:\Users\Jon Ben\Desktop\Portfolio\Games\UOIT GDW Games\Y2_PrometheusStudio_Duel\Duel-master\Release\Game_Project.exe
