c:\users\100619082\desktop\duelv1.3.0\project1\debug\vc141.pdb
c:\users\100619082\desktop\duelv1.3.0\project1\debug\vc141.idb
c:\users\100619082\desktop\duelv1.3.0\project1\debug\animation.obj
c:\users\100619082\desktop\duelv1.3.0\project1\debug\controller.obj
c:\users\100619082\desktop\duelv1.3.0\project1\debug\game.obj
c:\users\100619082\desktop\duelv1.3.0\project1\debug\gameobject.obj
c:\users\100619082\desktop\duelv1.3.0\project1\debug\light.obj
c:\users\100619082\desktop\duelv1.3.0\project1\debug\main.obj
c:\users\100619082\desktop\duelv1.3.0\project1\debug\material.obj
c:\users\100619082\desktop\duelv1.3.0\project1\debug\mesh.obj
c:\users\100619082\desktop\duelv1.3.0\project1\debug\particleemitter.obj
c:\users\100619082\desktop\duelv1.3.0\project1\debug\playerobject.obj
c:\users\100619082\desktop\duelv1.3.0\project1\debug\shaderprogram.obj
c:\users\100619082\desktop\duelv1.3.0\project1\debug\soundsystem.obj
c:\users\100619082\desktop\duelv1.3.0\project1\debug\texture.obj
c:\users\100619082\desktop\duelv1.3.0\project1\debug\timer.obj
c:\users\100619082\desktop\duelv1.3.0\debug\game_project.exe
c:\users\100619082\desktop\duelv1.3.0\debug\game_project.ilk
c:\users\100619082\desktop\duelv1.3.0\debug\game_project.pdb
c:\users\mitch\desktop\duelv1.3.1\project1\debug\animation.obj
c:\users\mitch\desktop\duelv1.3.1\project1\debug\controller.obj
c:\users\mitch\desktop\duelv1.3.1\project1\debug\game.obj
c:\users\mitch\desktop\duelv1.3.1\project1\debug\gameobject.obj
c:\users\mitch\desktop\duelv1.3.1\project1\debug\light.obj
c:\users\mitch\desktop\duelv1.3.1\project1\debug\main.obj
c:\users\mitch\desktop\duelv1.3.1\project1\debug\material.obj
c:\users\mitch\desktop\duelv1.3.1\project1\debug\mesh.obj
c:\users\mitch\desktop\duelv1.3.1\project1\debug\particleemitter.obj
c:\users\mitch\desktop\duelv1.3.1\project1\debug\playerobject.obj
c:\users\mitch\desktop\duelv1.3.1\project1\debug\shaderprogram.obj
c:\users\mitch\desktop\duelv1.3.1\project1\debug\soundsystem.obj
c:\users\mitch\desktop\duelv1.3.1\project1\debug\texture.obj
c:\users\mitch\desktop\duelv1.3.1\project1\debug\timer.obj
c:\users\mitch\desktop\duelv1.3.1\project1\debug\vc141.idb
c:\users\mitch\desktop\duelv1.3.1\project1\debug\vc141.pdb
c:\users\mitch\desktop\duelv1.3.1\debug\game_project.pdb
c:\users\mitch\desktop\duelv1.3.1\debug\game_project.exe
c:\users\mitch\desktop\duelv1.3.1\debug\game_project.ilk
c:\users\mitch\desktop\duelv1.3.1\project1\debug\game_project.tlog\cl.command.1.tlog
c:\users\mitch\desktop\duelv1.3.1\project1\debug\game_project.tlog\cl.read.1.tlog
c:\users\mitch\desktop\duelv1.3.1\project1\debug\game_project.tlog\cl.write.1.tlog
c:\users\mitch\desktop\duelv1.3.1\project1\debug\game_project.tlog\link.command.1.tlog
c:\users\mitch\desktop\duelv1.3.1\project1\debug\game_project.tlog\link.read.1.tlog
c:\users\mitch\desktop\duelv1.3.1\project1\debug\game_project.tlog\link.write.1.tlog
