  Timer.cpp
c:\users\100523109\desktop\duel\project1\timer.cpp(5): warning C4244: '=': conversion from 'int' to 'float', possible loss of data
c:\users\100523109\desktop\duel\project1\timer.cpp(15): warning C4244: '=': conversion from 'int' to 'float', possible loss of data
  Texture.cpp
  SoundSystem.cpp
  SkinnedGameObject.cpp
c:\users\100523109\desktop\duel\project1\skinnedgameobject.cpp(37): warning C4018: '<': signed/unsigned mismatch
c:\users\100523109\desktop\duel\project1\skinnedgameobject.cpp(73): warning C4244: 'argument': conversion from 'int' to 'float', possible loss of data
c:\users\100523109\desktop\duel\project1\skinnedgameobject.cpp(74): warning C4244: '=': conversion from 'unsigned int' to 'float', possible loss of data
c:\users\100523109\desktop\duel\project1\skinnedgameobject.cpp(76): warning C4244: 'argument': conversion from 'unsigned int' to 'float', possible loss of data
c:\users\100523109\desktop\duel\project1\skinnedgameobject.cpp(107): warning C4244: 'initializing': conversion from 'double' to 'float', possible loss of data
c:\users\100523109\desktop\duel\project1\skinnedgameobject.cpp(166): warning C4018: '<': signed/unsigned mismatch
c:\users\100523109\desktop\duel\project1\skinnedgameobject.cpp(196): warning C4018: '<': signed/unsigned mismatch
c:\users\100523109\desktop\duel\project1\skinnedgameobject.cpp(223): warning C4018: '<': signed/unsigned mismatch
c:\users\100523109\desktop\duel\project1\skinnedgameobject.cpp(299): warning C4018: '<': signed/unsigned mismatch
c:\users\100523109\desktop\duel\project1\skinnedgameobject.cpp(310): warning C4244: 'argument': conversion from 'float' to 'int', possible loss of data
c:\users\100523109\desktop\duel\project1\skinnedgameobject.cpp(315): warning C4244: '=': conversion from 'float' to 'int', possible loss of data
c:\users\100523109\desktop\duel\project1\skinnedgameobject.cpp(337): warning C4244: '=': conversion from 'float' to 'int', possible loss of data
c:\users\100523109\desktop\duel\project1\skinnedgameobject.cpp(340): warning C4244: 'argument': conversion from 'int' to 'float', possible loss of data
c:\users\100523109\desktop\duel\project1\skinnedgameobject.cpp(355): warning C4244: 'argument': conversion from 'float' to 'const unsigned int', possible loss of data
c:\users\100523109\desktop\duel\project1\skinnedgameobject.cpp(358): warning C4244: 'argument': conversion from 'float' to 'const unsigned int', possible loss of data
c:\users\100523109\desktop\duel\project1\skinnedgameobject.cpp(360): warning C4244: 'argument': conversion from 'float' to 'const unsigned int', possible loss of data
c:\users\100523109\desktop\duel\project1\skinnedgameobject.cpp(399): warning C4018: '<': signed/unsigned mismatch
c:\users\100523109\desktop\duel\project1\skinnedgameobject.cpp(405): warning C4018: '<': signed/unsigned mismatch
  ShaderProgram.cpp
  PlayerObject.cpp
c:\users\100523109\desktop\duel\project1\playerobject.cpp(32): warning C4244: '=': conversion from 'double' to 'float', possible loss of data
c:\users\100523109\desktop\duel\project1\playerobject.cpp(33): warning C4244: '=': conversion from 'double' to 'float', possible loss of data
c:\users\100523109\desktop\duel\project1\playerobject.cpp(38): warning C4244: '=': conversion from 'double' to 'float', possible loss of data
c:\users\100523109\desktop\duel\project1\playerobject.cpp(39): warning C4244: '=': conversion from 'double' to 'float', possible loss of data
c:\users\100523109\desktop\duel\project1\playerobject.cpp(50): warning C4018: '<': signed/unsigned mismatch
c:\users\100523109\desktop\duel\project1\playerobject.cpp(56): warning C4018: '<': signed/unsigned mismatch
  ParticleEmitter.cpp
c:\users\100523109\desktop\duel\project1\particleemitter.cpp(123): warning C4244: 'argument': conversion from 'float' to 'int', possible loss of data
c:\users\100523109\desktop\duel\project1\particleemitter.cpp(145): warning C4244: 'initializing': conversion from 'int' to 'float', possible loss of data
c:\users\100523109\desktop\duel\project1\particleemitter.cpp(169): warning C4305: 'argument': truncation from 'double' to 'float'
c:\users\100523109\desktop\duel\project1\particleemitter.cpp(239): warning C4018: '<=': signed/unsigned mismatch
  Mesh.cpp
c:\users\100523109\desktop\duel\project1\mesh.cpp(1): warning C4005: '_CRT_SECURE_NO_WARNINGS': macro redefinition
  c:\users\100523109\desktop\duel\project1\mesh.cpp(1): note: command-line arguments:  see previous definition of '_CRT_SECURE_NO_WARNINGS'
  Material.cpp
  Main.cpp
  Light.cpp
  tinyxml2.cpp
  HTRLoader.cpp
c:\users\100523109\desktop\duel\project1\htrloader.cpp(92): warning C4018: '<': signed/unsigned mismatch
c:\users\100523109\desktop\duel\project1\htrloader.cpp(107): warning C4018: '<': signed/unsigned mismatch
c:\users\100523109\desktop\duel\project1\htrloader.cpp(129): warning C4018: '<': signed/unsigned mismatch
c:\users\100523109\desktop\duel\project1\htrloader.cpp(229): warning C4305: '=': truncation from 'double' to 'float'
c:\users\100523109\desktop\duel\project1\htrloader.cpp(355): warning C4018: '<': signed/unsigned mismatch
c:\users\100523109\desktop\duel\project1\htrloader.cpp(394): warning C4018: '<': signed/unsigned mismatch
  GameObject.cpp
c:\users\100523109\desktop\duel\project1\gameobject.cpp(40): warning C4018: '<': signed/unsigned mismatch
c:\users\100523109\desktop\duel\project1\gameobject.cpp(93): warning C4244: '+=': conversion from 'double' to 'float', possible loss of data
c:\users\100523109\desktop\duel\project1\gameobject.cpp(98): warning C4244: '+=': conversion from 'double' to 'float', possible loss of data
c:\users\100523109\desktop\duel\project1\gameobject.cpp(110): warning C4244: '+=': conversion from 'double' to 'float', possible loss of data
c:\users\100523109\desktop\duel\project1\gameobject.cpp(115): warning C4244: '+=': conversion from 'double' to 'float', possible loss of data
c:\users\100523109\desktop\duel\project1\gameobject.cpp(136): warning C4018: '<': signed/unsigned mismatch
c:\users\100523109\desktop\duel\project1\gameobject.cpp(259): warning C4018: '<': signed/unsigned mismatch
  Game.cpp
c:\users\100523109\desktop\duel\project1\game.cpp(390): warning C4018: '<': signed/unsigned mismatch
c:\users\100523109\desktop\duel\project1\game.cpp(398): warning C4018: '<': signed/unsigned mismatch
c:\users\100523109\desktop\duel\project1\game.cpp(400): warning C4018: '<': signed/unsigned mismatch
c:\users\100523109\desktop\duel\project1\game.cpp(441): warning C4244: '+=': conversion from 'double' to 'float', possible loss of data
c:\users\100523109\desktop\duel\project1\game.cpp(469): warning C4018: '<=': signed/unsigned mismatch
c:\users\100523109\desktop\duel\project1\game.cpp(478): warning C4018: '<': signed/unsigned mismatch
c:\users\100523109\desktop\duel\project1\game.cpp(596): warning C4018: '<': signed/unsigned mismatch
c:\users\100523109\desktop\duel\project1\game.cpp(632): warning C4018: '<': signed/unsigned mismatch
c:\users\100523109\desktop\duel\project1\game.cpp(643): warning C4018: '<': signed/unsigned mismatch
c:\users\100523109\desktop\duel\project1\game.cpp(725): warning C4018: '<': signed/unsigned mismatch
c:\users\100523109\desktop\duel\project1\game.cpp(733): warning C4018: '<': signed/unsigned mismatch
c:\users\100523109\desktop\duel\project1\game.cpp(766): warning C4018: '<': signed/unsigned mismatch
c:\users\100523109\desktop\duel\project1\game.cpp(775): warning C4018: '<': signed/unsigned mismatch
c:\users\100523109\desktop\duel\project1\game.cpp(776): warning C4018: '<': signed/unsigned mismatch
c:\users\100523109\desktop\duel\project1\game.cpp(786): warning C4018: '<': signed/unsigned mismatch
c:\users\100523109\desktop\duel\project1\game.cpp(801): warning C4018: '<': signed/unsigned mismatch
c:\users\100523109\desktop\duel\project1\game.cpp(832): warning C4018: '<': signed/unsigned mismatch
c:\users\100523109\desktop\duel\project1\game.cpp(834): warning C4018: '<': signed/unsigned mismatch
  controller.cpp
c:\users\100523109\desktop\duel\project1\controller.cpp(180): warning C4244: '=': conversion from 'float' to 'WORD', possible loss of data
c:\users\100523109\desktop\duel\project1\controller.cpp(181): warning C4244: '=': conversion from 'float' to 'WORD', possible loss of data
  animation.cpp
c:\users\100523109\desktop\duel\project1\animation.cpp(7): warning C4018: '<': signed/unsigned mismatch
  Generating Code...
c:\users\100523109\desktop\duel\project1\htrloader.cpp(348): warning C4715: 'HTRLoader::processBasePositionSection': not all control paths return a value
c:\users\100523109\desktop\duel\project1\htrloader.cpp(263): warning C4715: 'HTRLoader::processHeader': not all control paths return a value
  Project1.vcxproj -> C:\Users\100523109\Desktop\Duel\Debug\Game_Project.exe
